{"name": "test_vwo_login_positive", "status": "broken", "statusDetails": {"message": "selenium.common.exceptions.NoSuchElementException: Message: no such element: Unable to locate element: {\"method\":\"xpath\",\"selector\":\"//span[@data-qa='lufexuloga']\"}\n  (Session info: chrome=133.0.6943.99); For documentation on this error, please visit: https://www.selenium.dev/documentation/webdriver/troubleshooting/errors#no-such-element-exception\nStacktrace:\n\tGetHandleVerifier [0x00007FF7E0BFC6A5+28789]\n\t(No symbol) [0x00007FF7E0B65B20]\n\t(No symbol) [0x00007FF7E09F8F9A]\n\t(No symbol) [0x00007FF7E0A4F346]\n\t(No symbol) [0x00007FF7E0A4F57C]\n\t(No symbol) [0x00007FF7E0AA2B17]\n\t(No symbol) [0x00007FF7E0A7736F]\n\t(No symbol) [0x00007FF7E0A9F7E3]\n\t(No symbol) [0x00007FF7E0A77103]\n\t(No symbol) [0x00007FF7E0A3FFC0]\n\t(No symbol) [0x00007FF7E0A41273]\n\tGetHandleVerifier [0x00007FF7E0F41AED+3458237]\n\tGetHandleVerifier [0x00007FF7E0F5829C+3550316]\n\tGetHandleVerifier [0x00007FF7E0F4DB9D+3507565]\n\tGetHandleVerifier [0x00007FF7E0CC2C6A+841274]\n\t(No symbol) [0x00007FF7E0B709EF]\n\t(No symbol) [0x00007FF7E0B6CB34]\n\t(No symbol) [0x00007FF7E0B6CCD6]\n\t(No symbol) [0x00007FF7E0B5C119]\n\tBaseThreadInitThunk [0x00007FFAF0E87374+20]\n\tRtlUserThreadStart [0x00007FFAF18DCC91+33]", "trace": "setup = <selenium.webdriver.chrome.webdriver.WebDriver (session=\"e7cfbb539fe5d823eb3014326456826f\")>\n\n    @allure.epic(\"VWO login test\")\n    @allure.feature(\"TC#1 - VWO app Positive test\")\n    @pytest.mark.positive\n    def test_vwo_login_positive(setup):\n        driver = setup\n        loginpage = LoginPage(driver)\n        loginpage.login_to_vwo(usr=\"abhijeet123@gmail.com\",pwd=\"Abhijeet@0709\")\n        time.sleep(5)\n        dashboard = DashboardPage(driver)\n        assert \"Dashboard\" in driver.title\n>       assert \"a\" in dashboard.user_loggeedin_text()\n\nTests\\vwoLoginTests\\test_vwo_login.py:40: \n_ _ _ _ _ _ _ _ _ _ _ _ _ _ _ _ _ _ _ _ _ _ _ _ _ _ _ _ _ _ _ _ _ _ _ _ _ _ _ _ _ _ _ _ _ _ _ _ _ _ _ _ _ _ _ _ _ _ _ _ _ _ _ _ _ _ _ _ _ _ _ _ _ _ _ _ _ _ _ _ _ _ _ _ _ _ _ _ _ _\nTests\\PageObjects\\dashboardPage.py:20: in user_loggeedin_text\n    return self.get_user_logged_in().text\nTests\\PageObjects\\dashboardPage.py:17: in get_user_logged_in\n    return self.driver.find_element(*DashboardPage.user_logged_in)\nvenv\\Lib\\site-packages\\selenium\\webdriver\\remote\\webdriver.py:888: in find_element\n    return self.execute(Command.FIND_ELEMENT, {\"using\": by, \"value\": value})[\"value\"]\nvenv\\Lib\\site-packages\\selenium\\webdriver\\remote\\webdriver.py:429: in execute\n    self.error_handler.check_response(response)\n_ _ _ _ _ _ _ _ _ _ _ _ _ _ _ _ _ _ _ _ _ _ _ _ _ _ _ _ _ _ _ _ _ _ _ _ _ _ _ _ _ _ _ _ _ _ _ _ _ _ _ _ _ _ _ _ _ _ _ _ _ _ _ _ _ _ _ _ _ _ _ _ _ _ _ _ _ _ _ _ _ _ _ _ _ _ _ _ _ _\n\nself = <selenium.webdriver.remote.errorhandler.ErrorHandler object at 0x000001E27E343D40>\nresponse = {'status': 404, 'value': '{\"value\":{\"error\":\"no such element\",\"message\":\"no such element: Unable to locate element: {\\...07FF7E0B5C119]\\\\n\\\\tBaseThreadInitThunk [0x00007FFAF0E87374+20]\\\\n\\\\tRtlUserThreadStart [0x00007FFAF18DCC91+33]\\\\n\"}}'}\n\n    def check_response(self, response: Dict[str, Any]) -> None:\n        \"\"\"Checks that a JSON response from the WebDriver does not have an\n        error.\n    \n        :Args:\n         - response - The JSON response from the WebDriver server as a dictionary\n           object.\n    \n        :Raises: If the response contains an error message.\n        \"\"\"\n        status = response.get(\"status\", None)\n        if not status or status == ErrorCode.SUCCESS:\n            return\n        value = None\n        message = response.get(\"message\", \"\")\n        screen: str = response.get(\"screen\", \"\")\n        stacktrace = None\n        if isinstance(status, int):\n            value_json = response.get(\"value\", None)\n            if value_json and isinstance(value_json, str):\n                import json\n    \n                try:\n                    value = json.loads(value_json)\n                    if len(value) == 1:\n                        value = value[\"value\"]\n                    status = value.get(\"error\", None)\n                    if not status:\n                        status = value.get(\"status\", ErrorCode.UNKNOWN_ERROR)\n                        message = value.get(\"value\") or value.get(\"message\")\n                        if not isinstance(message, str):\n                            value = message\n                            message = message.get(\"message\")\n                    else:\n                        message = value.get(\"message\", None)\n                except ValueError:\n                    pass\n    \n        exception_class: Type[WebDriverException]\n        e = ErrorCode()\n        error_codes = [item for item in dir(e) if not item.startswith(\"__\")]\n        for error_code in error_codes:\n            error_info = getattr(ErrorCode, error_code)\n            if isinstance(error_info, list) and status in error_info:\n                exception_class = getattr(ExceptionMapping, error_code, WebDriverException)\n                break\n        else:\n            exception_class = WebDriverException\n    \n        if not value:\n            value = response[\"value\"]\n        if isinstance(value, str):\n            raise exception_class(value)\n        if message == \"\" and \"message\" in value:\n            message = value[\"message\"]\n    \n        screen = None  # type: ignore[assignment]\n        if \"screen\" in value:\n            screen = value[\"screen\"]\n    \n        stacktrace = None\n        st_value = value.get(\"stackTrace\") or value.get(\"stacktrace\")\n        if st_value:\n            if isinstance(st_value, str):\n                stacktrace = st_value.split(\"\\n\")\n            else:\n                stacktrace = []\n                try:\n                    for frame in st_value:\n                        line = frame.get(\"lineNumber\", \"\")\n                        file = frame.get(\"fileName\", \"<anonymous>\")\n                        if line:\n                            file = f\"{file}:{line}\"\n                        meth = frame.get(\"methodName\", \"<anonymous>\")\n                        if \"className\" in frame:\n                            meth = f\"{frame['className']}.{meth}\"\n                        msg = \"    at %s (%s)\"\n                        msg = msg % (meth, file)\n                        stacktrace.append(msg)\n                except TypeError:\n                    pass\n        if exception_class == UnexpectedAlertPresentException:\n            alert_text = None\n            if \"data\" in value:\n                alert_text = value[\"data\"].get(\"text\")\n            elif \"alert\" in value:\n                alert_text = value[\"alert\"].get(\"text\")\n            raise exception_class(message, screen, stacktrace, alert_text)  # type: ignore[call-arg]  # mypy is not smart enough here\n>       raise exception_class(message, screen, stacktrace)\nE       selenium.common.exceptions.NoSuchElementException: Message: no such element: Unable to locate element: {\"method\":\"xpath\",\"selector\":\"//span[@data-qa='lufexuloga']\"}\nE         (Session info: chrome=133.0.6943.99); For documentation on this error, please visit: https://www.selenium.dev/documentation/webdriver/troubleshooting/errors#no-such-element-exception\nE       Stacktrace:\nE       \tGetHandleVerifier [0x00007FF7E0BFC6A5+28789]\nE       \t(No symbol) [0x00007FF7E0B65B20]\nE       \t(No symbol) [0x00007FF7E09F8F9A]\nE       \t(No symbol) [0x00007FF7E0A4F346]\nE       \t(No symbol) [0x00007FF7E0A4F57C]\nE       \t(No symbol) [0x00007FF7E0AA2B17]\nE       \t(No symbol) [0x00007FF7E0A7736F]\nE       \t(No symbol) [0x00007FF7E0A9F7E3]\nE       \t(No symbol) [0x00007FF7E0A77103]\nE       \t(No symbol) [0x00007FF7E0A3FFC0]\nE       \t(No symbol) [0x00007FF7E0A41273]\nE       \tGetHandleVerifier [0x00007FF7E0F41AED+3458237]\nE       \tGetHandleVerifier [0x00007FF7E0F5829C+3550316]\nE       \tGetHandleVerifier [0x00007FF7E0F4DB9D+3507565]\nE       \tGetHandleVerifier [0x00007FF7E0CC2C6A+841274]\nE       \t(No symbol) [0x00007FF7E0B709EF]\nE       \t(No symbol) [0x00007FF7E0B6CB34]\nE       \t(No symbol) [0x00007FF7E0B6CCD6]\nE       \t(No symbol) [0x00007FF7E0B5C119]\nE       \tBaseThreadInitThunk [0x00007FFAF0E87374+20]\nE       \tRtlUserThreadStart [0x00007FFAF18DCC91+33]\n\nvenv\\Lib\\site-packages\\selenium\\webdriver\\remote\\errorhandler.py:232: NoSuchElementException"}, "start": 1740586980891, "stop": 1740586988911, "uuid": "cfbd9d04-6147-4e16-bb04-ffc81eaa03e7", "historyId": "5d7d6c8dc08e48d6844401290bc00ca5", "testCaseId": "5d7d6c8dc08e48d6844401290bc00ca5", "fullName": "Tests.vwoLoginTests.test_vwo_login#test_vwo_login_positive", "labels": [{"name": "epic", "value": "VWO login test"}, {"name": "feature", "value": "TC#1 - VWO app Positive test"}, {"name": "tag", "value": "positive"}, {"name": "parentSuite", "value": "Tests.vwoLoginTests"}, {"name": "suite", "value": "test_vwo_login"}, {"name": "host", "value": "DESKTOP-SJ9H8P2"}, {"name": "thread", "value": "15432-MainThread"}, {"name": "framework", "value": "pytest"}, {"name": "language", "value": "cpython3"}, {"name": "package", "value": "Tests.vwoLoginTests.test_vwo_login"}]}